<?xml version="1.0" encoding="UTF-8"?>
<testng-results ignored="0" total="1" passed="1" failed="0" skipped="0">
  <reporter-output>
    <line>
      <![CDATA[Application https://www.bigbasket.com/ Launched]]>
    </line>
    <line>
      <![CDATA[Rice - Item Searched successfully ]]>
    </line>
    <line>
      <![CDATA[BB Royal Rice - Raw, Sona Masoori 5 kg - Item added successfully ]]>
    </line>
    <line>
      <![CDATA[BB Royal Rice - Raw, Sona Masoori 5 kg - The added item is displayed in Basket correctly]]>
    </line>
  </reporter-output>
  <suite started-at="2021-08-09T01:05:56 IST" name="Default suite" finished-at="2021-08-09T01:06:20 IST" duration-ms="23795">
    <groups>
    </groups>
    <test started-at="2021-08-09T01:05:56 IST" name="Default test" finished-at="2021-08-09T01:06:20 IST" duration-ms="23795">
      <class name="app.testautomation.UI.Add_Verify_MyBasketItems">
        <test-method is-config="true" signature="beforeTest()[pri:0, instance:app.testautomation.UI.Add_Verify_MyBasketItems@52af26ee]" started-at="2021-08-09T01:05:56 IST" name="beforeTest" finished-at="2021-08-09T01:06:03 IST" duration-ms="6221" status="PASS">
          <reporter-output>
          </reporter-output>
        </test-method> <!-- beforeTest -->
        <test-method signature="addVerifyItemsInBasket()[pri:0, instance:app.testautomation.UI.Add_Verify_MyBasketItems@52af26ee]" started-at="2021-08-09T01:06:03 IST" name="addVerifyItemsInBasket" finished-at="2021-08-09T01:06:19 IST" duration-ms="16433" status="PASS">
          <reporter-output>
            <line>
              <![CDATA[Application https://www.bigbasket.com/ Launched]]>
            </line>
            <line>
              <![CDATA[Rice - Item Searched successfully ]]>
            </line>
            <line>
              <![CDATA[BB Royal Rice - Raw, Sona Masoori 5 kg - Item added successfully ]]>
            </line>
            <line>
              <![CDATA[BB Royal Rice - Raw, Sona Masoori 5 kg - The added item is displayed in Basket correctly]]>
            </line>
          </reporter-output>
        </test-method> <!-- addVerifyItemsInBasket -->
        <test-method is-config="true" signature="afterTest()[pri:0, instance:app.testautomation.UI.Add_Verify_MyBasketItems@52af26ee]" started-at="2021-08-09T01:06:19 IST" name="afterTest" finished-at="2021-08-09T01:06:20 IST" duration-ms="1056" status="PASS">
          <reporter-output>
          </reporter-output>
        </test-method> <!-- afterTest -->
      </class> <!-- app.testautomation.UI.Add_Verify_MyBasketItems -->
    </test> <!-- Default test -->
  </suite> <!-- Default suite -->
</testng-results>
